1104 Мусорное ведро в торговом зале (11:43:15) => err(11:43:17) => skip_photo (11:43:17)
1115 startCheck(10:17:49) => photo (10:18:25)
1117 Мусорное ведро в торговом зале (12:46:28) => err(12:46:30) => skip_photo (12:46:30)
1125 photo(10:03:48)?
1130 ТВ-экраны (10:23:18) => err(10:23:20) => skip_photo (10:23:20)
1133 photo(10:02:18)?
2102 photo(10:02:07)?
2103 Мусорное ведро в торговом зале(10:04:14) => err(10:04:18) => skip_photo (10:04:18)
2106 Мусорное ведро в торговом зале(10:03:49) => err(10:03:51) => skip_photo(10:03:51)
2108 photo(10:06:29)?
2109 Торговое оборудование\Витрина оранжевого ящика(10:00:57) => photo (10:01:08)?
2110 Кофемашина(10:02:08) => err(10:02:10) => skip_photo(10:02:10)
2111 photo(10:02:32)?
2112 photo (10:02:27)?
2115 Кофемашина(10:07:04) => photo (10:07:23)?
2117 Мусорное ведро при входе в торговый зал(10:06:05) => photo (10:06:30)?



2023-04-26T10:00:40: АЗС 2109 :>> photo: 160.788ms
2023-04-26T10:00:41: Витрина оранжевого ящика
2023-04-26T10:00:45: Вид киоска
2023-04-26T10:00:45: АЗС 2112 :>> startCheck: 296.146ms
2023-04-26T10:00:51: АЗС 1133 :>> photo: 157.98ms
2023-04-26T10:00:51: Витрина тогрового зала
2023-04-26T10:00:55: АЗС 2109 :>> photo: 155.916ms
2023-04-26T10:00:55: Торговое оборудование
2023-04-26T10:00:57: Витрина оранжевого ящика
2023-04-26T10:00:58: АЗС 2116 :>> startCheck: 608.785ms
2023-04-26T10:01:05: АЗС 1125 :>> photo: 169.466ms
2023-04-26T10:01:05: Промо-материалы
2023-04-26T10:01:07: АЗС 1133 :>> photo: 202.97ms
2023-04-26T10:01:07: Уборная
2023-04-26T10:01:08: АЗС 2109 :>> photo: 163.211ms
2023-04-26T10:01:08: АЗС 2112 :>> photo: 153.458ms
2023-04-26T10:01:09: Витрина оранжевого ящика

2023-04-26T10:01:12: Витрина оранжевого ящика
2023-04-26T10:01:13: АЗС 2106 :>> startCheck: 543.159ms
2023-04-26T10:01:17: АЗС 2102 :>> photo: 226.566ms
2023-04-26T10:01:17: Промо-материалы
2023-04-26T10:01:18: АЗС 2116 :>> photo: 171.398ms
2023-04-26T10:01:18: Промо-материалы
2023-04-26T10:01:21: АЗС 1125 :>> photo: 203.683ms
2023-04-26T10:01:21: Витрина тогрового зала
2023-04-26T10:01:24: АЗС 2112 :>> photo: 202.149ms
2023-04-26T10:01:24: Торговое оборудование
2023-04-26T10:01:28: АЗС 2110 :>> photo: 198.747ms
2023-04-26T10:01:28: Торговое оборудование
2023-04-26T10:01:31: АЗС 1133 :>> photo: 204.165ms
2023-04-26T10:01:31: Мусорное ведро в уборной комнате
2023-04-26T10:01:32: АЗС 2116 :>> photo: 190.832ms
2023-04-26T10:01:32: Витрина тогрового зала
2023-04-26T10:01:34: Витрина оранжевого ящика
2023-04-26T10:01:34: АЗС 2117 :>> startCheck: 390.383ms
2023-04-26T10:01:34: Витрина оранжевого ящика
2023-04-26T10:01:35: АЗС 2103 :>> startCheck: 463.074ms
2023-04-26T10:01:35: АЗС 1121 :>> photo: 163.547ms
2023-04-26T10:01:35: Промо-материалы
2023-04-26T10:01:41: АЗС 2112 :>> photo: 178.71ms
2023-04-26T10:01:41: Промо-материалы
2023-04-26T10:01:41: АЗС 1133 :>> photo: 166.359ms
2023-04-26T10:01:42: Кофемашина
2023-04-26T10:01:43: АЗС 1125 :>> photo: 182.847ms
2023-04-26T10:01:44: Уборная
2023-04-26T10:01:47: АЗС 2106 :>> photo: 227.175ms
2023-04-26T10:01:47: Промо-материалы
2023-04-26T10:01:51: АЗС 2110 :>> photo: 214.572ms
2023-04-26T10:01:51: Промо-материалы
2023-04-26T10:01:57: АЗС 2112 :>> photo: 189.711ms
2023-04-26T10:01:57: Кофемашина
2023-04-26T10:02:01: Витрина оранжевого ящика
2023-04-26T10:02:02: АЗС 2111 :>> startCheck: 355.426ms
2023-04-26T10:02:03: АЗС 2117 :>> photo: 163.606ms
2023-04-26T10:02:03: Промо-материалы
2023-04-26T10:02:04: АЗС 1125 :>> photo: 178.727ms
2023-04-26T10:02:04: Мусорное ведро в уборной комнате
2023-04-26T10:02:06: АЗС 1121 :>> photo: 190.958ms
2023-04-26T10:02:07: Витрина тогрового зала
2023-04-26T10:02:07: АЗС 2102 :>> photo: 164.198ms
2023-04-26T10:02:07: АЗС 2110 :>> photo: 165.256ms
2023-04-26T10:02:08: Кофемашина
2023-04-26T10:02:08: АЗС 2106 :>> photo: 156.666ms
2023-04-26T10:02:09: Витрина тогрового зала
2023-04-26T10:02:10: Error in sendQestionMsg: TypeError: Cannot read properties of undefined (reading 'Name')
2023-04-26T10:02:10: АЗС 2110 :>> skip_photo: 167.47ms
2023-04-26T10:02:11: АЗС 2116 :>> photo: 182.466ms
2023-04-26T10:02:11: АЗС 2116 :>> photo: 164.522ms
2023-04-26T10:02:11: АЗС 2116 :>> photo: 157.898ms

2023-04-26T10:01:41: Промо-материалы
2023-04-26T10:01:41: АЗС 1133 :>> photo: 166.359ms
2023-04-26T10:01:42: Кофемашина
2023-04-26T10:01:43: АЗС 1125 :>> photo: 182.847ms
2023-04-26T10:01:44: Уборная
2023-04-26T10:01:47: АЗС 2106 :>> photo: 227.175ms
2023-04-26T10:01:47: Промо-материалы
2023-04-26T10:01:51: АЗС 2110 :>> photo: 214.572ms
2023-04-26T10:01:51: Промо-материалы
2023-04-26T10:01:57: АЗС 2112 :>> photo: 189.711ms
2023-04-26T10:01:57: Кофемашина
2023-04-26T10:02:01: Витрина оранжевого ящика
2023-04-26T10:02:02: АЗС 2111 :>> startCheck: 355.426ms
2023-04-26T10:02:03: АЗС 2117 :>> photo: 163.606ms
2023-04-26T10:02:03: Промо-материалы
2023-04-26T10:02:04: АЗС 1125 :>> photo: 178.727ms
2023-04-26T10:02:04: Мусорное ведро в уборной комнате
2023-04-26T10:02:06: АЗС 1121 :>> photo: 190.958ms
2023-04-26T10:02:07: Витрина тогрового зала
2023-04-26T10:02:07: АЗС 2102 :>> photo: 164.198ms
2023-04-26T10:02:07: АЗС 2110 :>> photo: 165.256ms
2023-04-26T10:02:08: Кофемашина
2023-04-26T10:02:08: АЗС 2106 :>> photo: 156.666ms
2023-04-26T10:02:09: Витрина тогрового зала
2023-04-26T10:02:10: Error in sendQestionMsg: TypeError: Cannot read properties of undefined (reading 'Name')
2023-04-26T10:02:10: АЗС 2110 :>> skip_photo: 167.47ms
2023-04-26T10:02:11: АЗС 2116 :>> photo: 182.466ms
2023-04-26T10:02:11: АЗС 2116 :>> photo: 164.522ms
2023-04-26T10:02:11: АЗС 2116 :>> photo: 157.898ms
2023-04-26T10:02:12: Кофемашина
2023-04-26T10:02:18: АЗС 1133 :>> photo: 181.009ms

2023-04-26T10:02:07: АЗС 2102 :>> photo: 164.198ms
2023-04-26T10:02:07: АЗС 2110 :>> photo: 165.256ms
2023-04-26T10:02:08: Кофемашина
2023-04-26T10:02:08: АЗС 2106 :>> photo: 156.666ms
2023-04-26T10:02:09: Витрина тогрового зала
2023-04-26T10:02:10: Error in sendQestionMsg: TypeError: Cannot read properties of undefined (reading 'Name')
2023-04-26T10:02:10: АЗС 2110 :>> skip_photo: 167.47ms

2023-04-26T10:02:02: АЗС 2111 :>> startCheck: 355.426ms
2023-04-26T10:02:03: АЗС 2117 :>> photo: 163.606ms
2023-04-26T10:02:03: Промо-материалы
2023-04-26T10:02:04: АЗС 1125 :>> photo: 178.727ms
2023-04-26T10:02:04: Мусорное ведро в уборной комнате
2023-04-26T10:02:06: АЗС 1121 :>> photo: 190.958ms
2023-04-26T10:02:07: Витрина тогрового зала
2023-04-26T10:02:07: АЗС 2102 :>> photo: 164.198ms
2023-04-26T10:02:07: АЗС 2110 :>> photo: 165.256ms
2023-04-26T10:02:08: Кофемашина
2023-04-26T10:02:08: АЗС 2106 :>> photo: 156.666ms
2023-04-26T10:02:09: Витрина тогрового зала
2023-04-26T10:02:10: Error in sendQestionMsg: TypeError: Cannot read properties of undefined (reading 'Name')
2023-04-26T10:02:10: АЗС 2110 :>> skip_photo: 167.47ms
2023-04-26T10:02:11: АЗС 2116 :>> photo: 182.466ms
2023-04-26T10:02:11: АЗС 2116 :>> photo: 164.522ms
2023-04-26T10:02:11: АЗС 2116 :>> photo: 157.898ms
2023-04-26T10:02:12: Кофемашина
2023-04-26T10:02:18: АЗС 1133 :>> photo: 181.009ms
2023-04-26T10:02:18: Общий вид кофепоинта
2023-04-26T10:02:21: АЗС 2117 :>> photo: 218.451ms
2023-04-26T10:02:21: Витрина тогрового зала
2023-04-26T10:02:23: АЗС 1125 :>> photo: 171.678ms
2023-04-26T10:02:24: Кофемашина
2023-04-26T10:02:25: АЗС 2103 :>> photo: 179.944ms
2023-04-26T10:02:25: Промо-материалы
2023-04-26T10:02:27: АЗС 2112 :>> photo: 188.359ms
2023-04-26T10:02:28: Вид оборудования для хот-догов
2023-04-26T10:02:31: АЗС 2116 :>> photo: 209.9ms
2023-04-26T10:02:31: АЗС 2106 :>> photo: 258.031ms
2023-04-26T10:02:32: Уборная
2023-04-26T10:02:32: АЗС 2111 :>> photo: 184.172ms


2023-04-26T10:03:29: Морозильное оборудование торгового зала
2023-04-26T10:03:33: АЗС 2106 :>> photo: 166.148ms
2023-04-26T10:03:34: Общий вид кофепоинта
2023-04-26T10:03:40: АЗС 2103 :>> photo: 204.351ms
2023-04-26T10:03:41: Кофемашина
2023-04-26T10:03:47: АЗС 2117 :>> photo: 225.071ms
2023-04-26T10:03:47: Общий вид кофепоинта
2023-04-26T10:03:48: АЗС 1125 :>> photo: 240.416ms
2023-04-26T10:03:48: АЗС 2106 :>> photo: 155.655ms
2023-04-26T10:03:49: Мусорное ведро в торговом зале
2023-04-26T10:03:51: Error in sendQestionMsg: TypeError: Cannot read properties of undefined (reading 'Name')
2023-04-26T10:03:51: АЗС 2106 :>> skip_photo: 255.553ms


2023-04-26T10:03:26: АЗС 2103 :>> photo: 182.119ms
2023-04-26T10:03:26: Мусорное ведро в уборной комнате
2023-04-26T10:03:28: АЗС 1125 :>> photo: 209.345ms
2023-04-26T10:03:29: Морозильное оборудование торгового зала
2023-04-26T10:03:33: АЗС 2106 :>> photo: 166.148ms
2023-04-26T10:03:34: Общий вид кофепоинта
2023-04-26T10:03:40: АЗС 2103 :>> photo: 204.351ms
2023-04-26T10:03:41: Кофемашина
2023-04-26T10:03:47: АЗС 2117 :>> photo: 225.071ms
2023-04-26T10:03:47: Общий вид кофепоинта
2023-04-26T10:03:48: АЗС 1125 :>> photo: 240.416ms
2023-04-26T10:03:48: АЗС 2106 :>> photo: 155.655ms
2023-04-26T10:03:49: Мусорное ведро в торговом зале
2023-04-26T10:03:51: Error in sendQestionMsg: TypeError: Cannot read properties of undefined (reading 'Name')
2023-04-26T10:03:51: АЗС 2106 :>> skip_photo: 255.553ms
2023-04-26T10:03:53: АЗС 2116 :>> photo: 194.089ms
2023-04-26T10:03:54: АЗС 2116 :>> photo: 251.166ms


2023-04-26T10:04:13: Внешний вид оператора
2023-04-26T10:04:13: АЗС 2103 :>> photo: 159.921ms
2023-04-26T10:04:14: Мусорное ведро в торговом зале
2023-04-26T10:04:18: АЗС 1129 :>> photo: 155.374ms
2023-04-26T10:04:18: Error in sendQestionMsg: TypeError: Cannot read properties of undefined (reading 'Name')
2023-04-26T10:04:18: АЗС 2103 :>> skip_photo: 153.25ms


2023-04-26T10:05:51: АЗС 2115 :>> photo: 176.277ms
2023-04-26T10:05:51: Промо-материалы
2023-04-26T10:06:01: АЗС 2108 :>> photo: 184.92ms
2023-04-26T10:06:01: Уборная
2023-04-26T10:06:04: АЗС 2117 :>> photo: 175.475ms
2023-04-26T10:06:05: Мусорное ведро при входе в торговый зал
2023-04-26T10:06:11: АЗС 1101 :>> photo: 165.882ms
2023-04-26T10:06:11: Мусорное ведро в уборной комнате
2023-04-26T10:06:15: АЗС 2115 :>> photo: 172.101ms
2023-04-26T10:06:15: Витрина тогрового зала
2023-04-26T10:06:29: АЗС 2116 :>> sendPhotos: 13.437s
2023-04-26T10:06:29: АЗС 2108 :>> photo: 239.743ms
2023-04-26T10:06:30: АЗС 2117 :>> photo: 234.833ms
2023-04-26T10:06:30: АЗС 1101 :>> photo: 240.319ms
2023-04-26T10:06:30: Кофемашина

2023-04-26T10:04:07: АЗС 2117 :>> photo: 160.796ms
2023-04-26T10:04:07: Мусорное ведро в торговом зале
2023-04-26T10:04:12: АЗС 2116 :>> photo: 165.932ms
2023-04-26T10:04:13: Внешний вид оператора
2023-04-26T10:04:13: АЗС 2103 :>> photo: 159.921ms
2023-04-26T10:04:14: Мусорное ведро в торговом зале
2023-04-26T10:04:18: АЗС 1129 :>> photo: 155.374ms
2023-04-26T10:04:18: Error in sendQestionMsg: TypeError: Cannot read properties of undefined (reading 'Name')
2023-04-26T10:04:18: АЗС 2103 :>> skip_photo: 153.25ms
2023-04-26T10:04:18: Торговое оборудование
2023-04-26T10:04:23: АЗС 2117 :>> photo: 183.394ms
2023-04-26T10:04:24: Морозильное оборудование торгового зала
2023-04-26T10:04:33: АЗС 1129 :>> photo: 214.759ms
2023-04-26T10:04:33: Промо-материалы
2023-04-26T10:04:37: АЗС 2116 :>> photo: 175.13ms
2023-04-26T10:04:37: Холодильное оборудование торгового зала
2023-04-26T10:04:40: АЗС 2117 :>> photo: 176.127ms
2023-04-26T10:04:40: Вид оборудования для хот-догов
2023-04-26T10:04:43: АЗС 1101 :>> photo: 245.377ms
2023-04-26T10:04:43: Промо-материалы
2023-04-26T10:04:50: Витрина оранжевого ящика
2023-04-26T10:04:50: АЗС 2108 :>> startCheck: 348.365ms
2023-04-26T10:05:02: АЗС 2117 :>> photo: 171.059ms
2023-04-26T10:05:03: Общий вид прикассовой зоны
2023-04-26T10:05:15: АЗС 1129 :>> photo: 281.342ms
2023-04-26T10:05:15: АЗС 1129 :>> photo: 171.351ms
2023-04-26T10:05:16: АЗС 1101 :>> photo: 166.284ms
2023-04-26T10:05:16: Витрина тогрового зала
2023-04-26T10:05:17: АЗС 2108 :>> photo: 159.134ms
2023-04-26T10:05:17: Промо-материалы
2023-04-26T10:05:17: АЗС 2116 :>> photo: 161.366ms
2023-04-26T10:05:17: АЗС 2116 :>> photo: 185.035ms
2023-04-26T10:05:18: АЗС 2116 :>> photo: 151.414ms
2023-04-26T10:05:18: АЗС 2117 :>> photo: 163.611ms
2023-04-26T10:05:18: Внешний вид оператора
2023-04-26T10:05:28: Витрина оранжевого ящика
2023-04-26T10:05:29: АЗС 2115 :>> startCheck: 279.289ms
2023-04-26T10:05:34: АЗС 2117 :>> photo: 164.163ms
2023-04-26T10:05:34: Холодильное оборудование торгового зала
2023-04-26T10:05:40: АЗС 2108 :>> photo: 161.04ms
2023-04-26T10:05:41: Витрина тогрового зала
2023-04-26T10:05:43: АЗС 1101 :>> photo: 166.171ms
2023-04-26T10:05:43: Уборная
2023-04-26T10:05:45: АЗС 2116 :>> photo: 164.973ms
2023-04-26T10:05:45: Send end message to АЗС 2116}
2023-04-26T10:05:48: АЗС 2117 :>> photo: 145.011ms
2023-04-26T10:05:49: ТВ-экраны 
2023-04-26T10:05:51: АЗС 2115 :>> photo: 176.277ms
2023-04-26T10:05:51: Промо-материалы
2023-04-26T10:06:01: АЗС 2108 :>> photo: 184.92ms
2023-04-26T10:06:01: Уборная
2023-04-26T10:06:04: АЗС 2117 :>> photo: 175.475ms
2023-04-26T10:06:05: Мусорное ведро при входе в торговый зал
2023-04-26T10:06:11: АЗС 1101 :>> photo: 165.882ms
2023-04-26T10:06:11: Мусорное ведро в уборной комнате
2023-04-26T10:06:15: АЗС 2115 :>> photo: 172.101ms
2023-04-26T10:06:15: Витрина тогрового зала
2023-04-26T10:06:29: АЗС 2116 :>> sendPhotos: 13.437s
2023-04-26T10:06:29: АЗС 2108 :>> photo: 239.743ms
2023-04-26T10:06:30: АЗС 2117 :>> photo: 234.833ms

2023-04-26T10:06:59: АЗС 1101 :>> photo: 156.836ms
2023-04-26T10:07:00: Общий вид кофепоинта
2023-04-26T10:07:03: АЗС 2115 :>> photo: 154.652ms
2023-04-26T10:07:04: Кофемашина
2023-04-26T10:07:21: АЗС 1101 :>> photo: 157.344ms
2023-04-26T10:07:21: Мусорное ведро в торговом зале
2023-04-26T10:07:23: АЗС 2115 :>> photo: 190.105ms
2023-04-26T10:07:24: АЗС 1108 :>> photo: 218.296ms
2023-04-26T10:07:24: Промо-материалы
2023-04-26T10:07:27: Error in sendQestionMsg: TypeError: Cannot read properties of undefined (reading 'Name')
2023-04-26T10:07:27: АЗС 1101 :>> skip_photo: 166.711ms
2023-04-26T10:07:44: АЗС 1108 :>> photo: 150.398ms
2023-04-26T10:07:44: Витрина тогрового зала
2023-04-26T10:07:45: АЗС 1129 :>> photo: 161.528ms

2023-04-26T10:17:49: АЗС 1115 :>> startCheck: 294.288ms
2023-04-26T10:17:49: АЗС 1115 :>> startCheck: 190.535ms
2023-04-26T10:17:58: АЗС 2101 :>> photo: 160.474ms
2023-04-26T10:17:58: Промо-материалы
2023-04-26T10:18:07: АЗС 2114 :>> photo: 167.935ms
2023-04-26T10:18:07: Внешний вид оператора
2023-04-26T10:18:12: АЗС 2101 :>> photo: 164.076ms
2023-04-26T10:18:12: Кофемашина
2023-04-26T10:18:14: Error in sendQestionMsg: TypeError: Cannot read properties of undefined (reading 'Name')
2023-04-26T10:18:14: АЗС 2101 :>> skip_photo: 263.032ms
2023-04-26T10:18:25: АЗС 1115 :>> photo: 0.193ms
2023-04-26T10:18:28: Витрина оранжевого ящика

2023-04-26T10:22:56: АЗС 1130 :>> photo: 161.664ms
2023-04-26T10:22:57: Холодильное оборудование торгового зала
2023-04-26T10:23:17: АЗС 1130 :>> photo: 280.822ms
2023-04-26T10:23:18: ТВ-экраны 
2023-04-26T10:23:20: Error in sendQestionMsg: TypeError: Cannot read properties of undefined (reading 'Name')
2023-04-26T10:23:20: АЗС 1130 :>> skip_photo: 188.052ms


2023-04-26T11:43:02: Общий вид кофепоинта
2023-04-26T11:43:15: АЗС 1104 :>> photo: 391.128ms
2023-04-26T11:43:15: Мусорное ведро в торговом зале
2023-04-26T11:43:17: Error in sendQestionMsg: TypeError: Cannot read properties of undefined (reading 'Name')
2023-04-26T11:43:17: АЗС 1104 :>> skip_photo: 171.956ms

2023-04-26T12:45:59: АЗС 1117 :>> photo: 196.588ms
2023-04-26T12:46:00: Кофемашина
2023-04-26T12:46:14: АЗС 1117 :>> photo: 182.006ms
2023-04-26T12:46:15: Общий вид кофепоинта
2023-04-26T12:46:28: АЗС 1117 :>> photo: 174.059ms
2023-04-26T12:46:28: Мусорное ведро в торговом зале
2023-04-26T12:46:30: Error in sendQestionMsg: TypeError: Cannot read properties of undefined (reading 'Name')
2023-04-26T12:46:30: АЗС 1117 :>> skip_photo: 168.589ms
2023-04-26T12:47:09: АЗС 1117 :>> 1: 0.066ms

Мусорное ведро в торговом зале

ТВ-экраны 

Кофемашина